Arguments: 
  C:\Program Files\nodejs\node.exe C:\Program Files (x86)\Yarn\bin\yarn.js n

PATH: 
  C:\Python27\;C:\Python27\Scripts;C:\Windows\system32;C:\Windows;C:\Windows\System32\Wbem;C:\Windows\System32\WindowsPowerShell\v1.0\;C:\Windows\System32\OpenSSH\;C:\Program Files\nodejs\;C:\ProgramData\chocolatey\bin;C:\Program Files (x86)\Yarn\bin\;C:\Program Files\Git\cmd;C:\Program Files\cURL\bin;C:\Program Files\dotnet\;C:\Program Files\Microsoft SQL Server\130\Tools\Binn\;C:\Program Files\Microsoft SQL Server\Client SDK\ODBC\170\Tools\Binn\;C:\Program Files (x86)\GtkSharp\2.12\bin;C:\Users\bes\AppData\Local\Microsoft\WindowsApps;C:\Users\bes\AppData\Roaming\npm;C:\Users\bes\AppData\Local\Programs\Microsoft VS Code\bin;C:\Users\bes\AppData\Local\Yarn\bin

Yarn version: 
  1.22.4

Node version: 
  12.16.1

Platform: 
  win32 x64

Trace: 
  SyntaxError: C:\Users\bes\Desktop\slider\package.json: Unexpected token < in JSON at position 65
      at JSON.parse (<anonymous>)
      at C:\Program Files (x86)\Yarn\lib\cli.js:1625:59
      at Generator.next (<anonymous>)
      at step (C:\Program Files (x86)\Yarn\lib\cli.js:310:30)
      at C:\Program Files (x86)\Yarn\lib\cli.js:321:13

npm manifest: 
  {
    "name": "1webp",
    "version": "1.0.0",
    "main": "index.js",
  <<<<<<< HEAD
    "scripts": {
      "server": "webpack-dev-server --mode=production --watch"
    },
    "keywords": [],
    "author": "",
    "license": "ISC",
  =======
    "license": "MIT",
  >>>>>>> master
    "devDependencies": {
      "@babel/cli": "^7.8.4",
      "@babel/core": "^7.9.6",
      "@babel/node": "^7.8.7",
      "@babel/preset-env": "^7.9.6",
      "@babel/preset-react": "^7.9.4",
      "babel-loader": "^8.1.0",
  <<<<<<< HEAD
      "css-loader": "^3.5.3",
      "node-sass": "^4.14.0",
      "sass-loader": "^8.0.2",
      "style-loader": "^1.2.1",
      "webpack": "^4.43.0",
      "webpack-cli": "^3.3.11",
  =======
      "css-loader": "^3.5.2",
      "html-webpack-plugin": "^4.2.0",
      "mini-css-extract-plugin": "^0.9.0",
      "node-sass": "^4.13.1",
      "sass": "^1.26.3",
      "sass-loader": "^8.0.2",
      "style-loader": "^1.1.3",
      "webpack": "^4.42.1",
      "webpack-cli": "^3.3.11"
    },
    "dependencies": {
      "react": "^16.13.1",
      "react-dom": "^16.13.1",
  >>>>>>> master
      "webpack-dev-server": "^3.10.3"
    },
    "scripts": {
      "n": "webpack-dev-server --open"
    }
  }

yarn manifest: 
  No manifest

Lockfile: 
  No lockfile
